
Query 1
+--------------------+----+------------------+
|               title|year|            profit|
+--------------------+----+------------------+
|        Billy Elliot|2000|            2100.0|
|    千と千尋の神隠し|2001|1732.8339666666668|
|My Big Fat Greek ...|2002| 7274.880880000001|
|           Tarnation|2003| 532933.9449541284|
|       Super Size Me|2004| 43861.65846153846|
|      웰컴 투 동막골|2005|     4.197475625E8|
|   Facing the Giants|2006|         10078.331|
| Paranormal Activity|2007|1288938.6666666667|
|           Fireproof|2008|         6591.2634|
|       The Collector|2009|3252.9411764705883|
|             Catfish|2010|10053.143333333333|
|  From Prada to Nada|2011|2688072.0430107526|
|      Aquí Entre Nos|2012|        2.755583E8|
|           Nurse 3-D|2013|         9.99999E7|
|      The Quiet Ones|2014|         8817.4335|
|                대호|2015|         221568.98|
|               Split|2016| 2976.911088888889|
|       A Ghost Story|2017|         15484.255|
+--------------------+----+------------------+

--- 19.56870436668396 seconds ---
Query 2
+-----------------+
|percentage_over_3|
+-----------------+
|87.47858956942885|
+-----------------+

--- 18.524466276168823 seconds ---
Query 3
+---------------+------------------+----------+
|          genre|    average_rating|num_movies|
+---------------+------------------+----------+
|         Action|3.1585329294510696|      1175|
|      Adventure|  3.16870906252558|       707|
|      Animation| 3.175885456020015|       223|
|         Comedy|3.1370494677399536|      2113|
|          Crime|3.1625839378882348|       907|
|    Documentary|3.0742356093239844|       503|
|          Drama| 3.139121624291452|      3724|
|         Family| 3.156905491920284|       386|
|        Fantasy|3.1429135219007027|       463|
|        Foreign|3.1139858344079134|       271|
|        History| 3.118791045849541|       306|
|         Horror|3.1340202623924744|       723|
|          Music| 3.189047782134767|       248|
|        Mystery| 3.148769392655547|       475|
|        Romance| 3.156277701839364|      1206|
|Science Fiction| 3.157163683913988|       593|
|       TV Movie| 3.148118069220997|        87|
|       Thriller|  3.14828174816609|      1427|
|            War|3.1146633826061416|       231|
|        Western|3.2140607181871026|       185|
+---------------+------------------+----------+

--- 20.393866777420044 seconds ---
Query 4
+---------+------------------+-----------------+
|timeframe|     average_chars|    average_words|
+---------+------------------+-----------------+
|2015-2019|  282.182934315531|49.58563535911602|
|2010-2014| 327.1910774410774|57.36391694725028|
|2005-2009| 311.7648743238944|54.73051224944321|
|2000-2004|328.69595536959554|57.94049279404928|
+---------+------------------+-----------------+

--- 18.003337621688843 seconds ---
Query 5
+---------------+-------+-------+--------------------+---------+------+--------------------+---------+------+
|          genre|user_id|reviews|               title|      pop|rating|               title|      pop|rating|
+---------------+-------+-------+--------------------+---------+------+--------------------+---------+------+
|         Action|   8659|    588|                Hulk|15.422638|   5.0|The Day After Tom...|15.049695|   2.0|
|      Adventure|   8659|    369|Mission: Impossib...| 18.97178|   4.5|Harry Potter and ...|  21.3643|   2.0|
|      Animation|  45811|    117|     A Grand Day Out| 7.617298|   5.0|Astérix et la sur...| 7.174178|   0.5|
|         Comedy|  45811|   1024|        Galaxy Quest|15.831374|   5.0|There's Something...|11.688958|   0.5|
|          Crime|   8659|    474|The Thomas Crown ...| 9.444818|   5.0|            Papillon|15.698433|   2.0|
|    Documentary|  45811|    215|               Crumb| 3.620388|   5.0|         Paper Clips| 0.224164|   0.5|
|          Drama|  45811|   1815|Exodus: Gods and ...|16.320249|   5.0|    The Great Escape|14.384114|   0.5|
|         Family|  45811|    198|        Galaxy Quest|15.831374|   5.0|Astérix et la sur...| 7.174178|   0.5|
|        Fantasy|   8659|    249|Blood: The Last V...| 2.925291|   5.0|   The Addams Family|12.962525|   0.5|
|        Foreign|  45811|    134|    Dreams of a Life| 0.834786|   5.0|Shekvarebuli kuli...| 0.631834|   1.0|
|        History|   8659|    155|  Lawrence of Arabia|10.893332|   4.5|   Anna and the King| 17.65016|   2.0|
|        History|  45811|    155|    The Last Emperor|11.076971|   5.0|    The Great Escape|14.384114|   0.5|
|         Horror|  45811|    350|    Dawn of the Dead| 19.24201|   5.0|             Outpost| 5.004215|   0.5|
|          Music|  45811|    130|           Nashville| 9.042678|   5.0|  A Hard Day's Night| 5.719266|   0.5|
|        Mystery|   8659|    239|Trois couleurs : ...| 7.832755|   5.0|Harry Potter and ...|  21.3643|   2.0|
|        Romance|  45811|    584|    Along Came Polly|15.725542|   5.0|There's Something...|11.688958|   0.5|
|Science Fiction|   8659|    313|                Hulk|15.422638|   5.0|The Day After Tom...|15.049695|   2.0|
|       TV Movie|  45811|     38|Straight From the...| 0.480985|   4.5|Buck Rogers in th...|  0.91043|   1.5|
|       Thriller|   8659|    725|The Thomas Crown ...| 9.444818|   5.0|The Day After Tom...|15.049695|   2.0|
|            War|  45811|    120|      Doctor Zhivago| 8.489499|   5.0|    The Great Escape|14.384114|   0.5|
+---------------+-------+-------+--------------------+---------+------+--------------------+---------+------+
only showing top 20 rows

--- 105.10812020301819 seconds ---
