
Query 1
( 2017 , A Ghost Story , 15484.255 )
( 2016 , Split , 2976.911088888889 )
( 2015 , 대호 , 221568.98 )
( 2014 , The Quiet Ones , 8817.4335 )
( 2013 , Nurse 3-D , 99999900.0 )
( 2012 , Aquí Entre Nos , 275558300.0 )
( 2011 , From Prada to Nada , 2688072.0430107526 )
( 2010 , Catfish , 10053.143333333333 )
( 2009 , The Collector , 3252.9411764705883 )
( 2008 , Fireproof , 6591.2634 )
( 2007 , Paranormal Activity , 1288938.6666666667 )
( 2006 , Facing the Giants , 10078.331 )
( 2005 , 웰컴 투 동막골 , 419747562.5 )
( 2004 , Super Size Me , 43861.65846153846 )
( 2003 , Tarnation , 532933.9449541284 )
( 2002 , My Big Fat Greek Wedding , 7274.880880000001 )
( 2001 , 千と千尋の神隠し , 1732.8339666666668 )
( 2000 , Billy Elliot , 2100.0 )
--- 7.5671796798706055 seconds ---
Query 2
87.47858956942885
--- 42.3004150390625 seconds ---
Query 3
('Action', (3.1585329294510713, 1175))
('Adventure', (3.168709062525581, 707))
('Animation', (3.175885456020015, 223))
('Comedy', (3.1370494677399536, 2113))
('Crime', (3.1625839378882312, 907))
('Documentary', (3.0742356093239853, 503))
('Drama', (3.139121624291451, 3724))
('Family', (3.156905491920283, 386))
('Fantasy', (3.1429135219007014, 463))
('Foreign', (3.1139858344079134, 271))
('History', (3.1187910458495414, 306))
('Horror', (3.134020262392476, 723))
('Music', (3.1890477821347676, 248))
('Mystery', (3.148769392655548, 475))
('Romance', (3.1562777018393633, 1206))
('Science Fiction', (3.157163683913988, 593))
('TV Movie', (3.148118069220998, 87))
('Thriller', (3.148281748166091, 1427))
('War', (3.1146633826061407, 231))
('Western', (3.2140607181871017, 185))
--- 48.75351166725159 seconds ---
Query 4
('1000', (310.85774245069274, 54.61968081813567))
('2000-2004', (328.69595536959554, 57.94049279404928))
('2005-2009', (311.7648743238944, 54.73051224944321))
('2010-2014', (327.1910774410774, 57.36391694725028))
('2015-2019', (282.182934315531, 49.58563535911602))
--- 7.150466203689575 seconds ---
Query 5
(('Action', '8659'), (588, ((5.0, 'Hulk', 15.422638), (2.0, 'The Day After Tomorrow', 15.049695))))
(('Adventure', '8659'), (369, ((4.5, 'Mission: Impossible II', 18.97178), (2.0, 'Harry Potter and the Order of the Phoenix', 21.3643))))
(('Animation', '45811'), (117, ((5.0, 'A Grand Day Out', 7.617298), (0.5, 'Astérix et la surprise de César', 7.174178))))
(('Comedy', '45811'), (1024, ((5.0, 'Galaxy Quest', 15.831374), (0.5, "There's Something About Mary", 11.688958))))
(('Crime', '8659'), (474, ((5.0, 'The Thomas Crown Affair', 9.444818), (2.0, 'Papillon', 15.698433))))
(('Documentary', '45811'), (215, ((5.0, 'Crumb', 3.620388), (0.5, 'Paper Clips', 0.224164))))
(('Drama', '45811'), (1815, ((5.0, 'Exodus: Gods and Kings', 16.320249), (0.5, 'The Great Escape', 14.384114))))
(('Family', '45811'), (198, ((5.0, 'Galaxy Quest', 15.831374), (0.5, 'Astérix et la surprise de César', 7.174178))))
(('Fantasy', '8659'), (249, ((5.0, 'Blood: The Last Vampire', 2.925291), (0.5, 'The Addams Family', 12.962525))))
(('Foreign', '45811'), (134, ((5.0, 'Dreams of a Life', 0.834786), (1.0, 'Shekvarebuli kulinaris ataserti retsepti', 0.631834))))
(('History', '45811'), (155, ((5.0, 'The Last Emperor', 11.076971), (0.5, 'The Great Escape', 14.384114))))
(('Horror', '45811'), (350, ((5.0, 'Dawn of the Dead', 19.24201), (0.5, 'Outpost', 5.004215))))
(('Music', '45811'), (130, ((5.0, 'Nashville', 9.042678), (0.5, "A Hard Day's Night", 5.719266))))
(('Mystery', '8659'), (239, ((5.0, 'Trois couleurs : Rouge', 7.832755), (2.0, 'Harry Potter and the Order of the Phoenix', 21.3643))))
(('Romance', '45811'), (584, ((5.0, 'Along Came Polly', 15.725542), (0.5, "There's Something About Mary", 11.688958))))
(('Science Fiction', '8659'), (313, ((5.0, 'Hulk', 15.422638), (2.0, 'The Day After Tomorrow', 15.049695))))
(('TV Movie', '45811'), (38, ((4.5, 'Straight From the Heart', 0.480985), (1.5, 'Buck Rogers in the 25th Century', 0.91043))))
(('Thriller', '8659'), (725, ((5.0, 'The Thomas Crown Affair', 9.444818), (2.0, 'The Day After Tomorrow', 15.049695))))
(('War', '45811'), (120, ((5.0, 'Doctor Zhivago', 8.489499), (0.5, 'The Great Escape', 14.384114))))
(('Western', '45811'), (84, ((5.0, 'Johnny Guitar', 4.918293), (1.0, 'Firecreek', 9.443289))))
--- 195.8756458759308 seconds ---
